# JRE version: OpenJDK Runtime Environment (8.0_152-b01) (build 1.8.0_152-release-1248-b01)
# Java VM: OpenJDK 64-Bit Server VM (25.152-b01 mixed mode linux-amd64 compressed oops)
Heap:
 PSYoungGen      total 214016K, used 448K [0x00000000e0000000, 0x00000000ee780000, 0x0000000100000000)
  eden space 192512K, 0% used [0x00000000e0000000,0x00000000e0000000,0x00000000ebc00000)
  from space 21504K, 2% used [0x00000000ebc00000,0x00000000ebc70000,0x00000000ed100000)
  to   space 17408K, 0% used [0x00000000ed100000,0x00000000ed100000,0x00000000ee200000)
 ParOldGen       total 86528K, used 40127K [0x00000000a0000000, 0x00000000a5480000, 0x00000000e0000000)
  object space 86528K, 46% used [0x00000000a0000000,0x00000000a272fd80,0x00000000a5480000)
 Metaspace       used 57331K, capacity 58956K, committed 59136K, reserved 1099776K
  class space    used 7896K, capacity 8326K, committed 8448K, reserved 1048576K
GC Heap History (10 events):
Event: 4.966 GC heap after
Heap after GC invocations=8 (full 1):
 PSYoungGen      total 134144K, used 10722K [0x00000000e0000000, 0x00000000ea900000, 0x0000000100000000)
  eden space 123392K, 0% used [0x00000000e0000000,0x00000000e0000000,0x00000000e7880000)
  from space 10752K, 99% used [0x00000000e7880000,0x00000000e82f8848,0x00000000e8300000)
  to   space 13312K, 0% used [0x00000000e9c00000,0x00000000e9c00000,0x00000000ea900000)
 ParOldGen       total 61440K, used 12298K [0x00000000a0000000, 0x00000000a3c00000, 0x00000000e0000000)
  object space 61440K, 20% used [0x00000000a0000000,0x00000000a0c02a80,0x00000000a3c00000)
 Metaspace       used 34004K, capacity 34662K, committed 34816K, reserved 1079296K
  class space    used 4762K, capacity 5013K, committed 5120K, reserved 1048576K
}
Event: 5.059 GC heap before
{Heap before GC invocations=9 (full 1):
 PSYoungGen      total 134144K, used 19517K [0x00000000e0000000, 0x00000000ea900000, 0x0000000100000000)
  eden space 123392K, 7% used [0x00000000e0000000,0x00000000e0896d80,0x00000000e7880000)
  from space 10752K, 99% used [0x00000000e7880000,0x00000000e82f8848,0x00000000e8300000)
  to   space 13312K, 0% used [0x00000000e9c00000,0x00000000e9c00000,0x00000000ea900000)
 ParOldGen       total 61440K, used 12298K [0x00000000a0000000, 0x00000000a3c00000, 0x00000000e0000000)
  object space 61440K, 20% used [0x00000000a0000000,0x00000000a0c02a80,0x00000000a3c00000)
 Metaspace       used 34778K, capacity 35462K, committed 35496K, reserved 1079296K
  class space    used 4865K, capacity 5109K, committed 5120K, reserved 1048576K
Event: 5.066 GC heap after
Heap after GC invocations=9 (full 1):
 PSYoungGen      total 159744K, used 8987K [0x00000000e0000000, 0x00000000ee200000, 0x0000000100000000)
  eden space 146432K, 0% used [0x00000000e0000000,0x00000000e0000000,0x00000000e8f00000)
  from space 13312K, 67% used [0x00000000e9c00000,0x00000000ea4c6cd8,0x00000000ea900000)
  to   space 13312K, 0% used [0x00000000e8f00000,0x00000000e8f00000,0x00000000e9c00000)
 ParOldGen       total 61440K, used 12298K [0x00000000a0000000, 0x00000000a3c00000, 0x00000000e0000000)
  object space 61440K, 20% used [0x00000000a0000000,0x00000000a0c02a80,0x00000000a3c00000)
 Metaspace       used 34778K, capacity 35462K, committed 35496K, reserved 1079296K
  class space    used 4865K, capacity 5109K, committed 5120K, reserved 1048576K
}
Event: 5.066 GC heap before
{Heap before GC invocations=10 (full 2):
 PSYoungGen      total 159744K, used 8987K [0x00000000e0000000, 0x00000000ee200000, 0x0000000100000000)
  eden space 146432K, 0% used [0x00000000e0000000,0x00000000e0000000,0x00000000e8f00000)
  from space 13312K, 67% used [0x00000000e9c00000,0x00000000ea4c6cd8,0x00000000ea900000)
  to   space 13312K, 0% used [0x00000000e8f00000,0x00000000e8f00000,0x00000000e9c00000)
 ParOldGen       total 61440K, used 12298K [0x00000000a0000000, 0x00000000a3c00000, 0x00000000e0000000)
  object space 61440K, 20% used [0x00000000a0000000,0x00000000a0c02a80,0x00000000a3c00000)
 Metaspace       used 34778K, capacity 35462K, committed 35496K, reserved 1079296K
  class space    used 4865K, capacity 5109K, committed 5120K, reserved 1048576K
Event: 5.134 GC heap after
Heap after GC invocations=10 (full 2):
 PSYoungGen      total 159744K, used 0K [0x00000000e0000000, 0x00000000ee200000, 0x0000000100000000)
  eden space 146432K, 0% used [0x00000000e0000000,0x00000000e0000000,0x00000000e8f00000)
  from space 13312K, 0% used [0x00000000e9c00000,0x00000000e9c00000,0x00000000ea900000)
  to   space 13312K, 0% used [0x00000000e8f00000,0x00000000e8f00000,0x00000000e9c00000)
 ParOldGen       total 86528K, used 15792K [0x00000000a0000000, 0x00000000a5480000, 0x00000000e0000000)
  object space 86528K, 18% used [0x00000000a0000000,0x00000000a0f6c3b0,0x00000000a5480000)
 Metaspace       used 34778K, capacity 35462K, committed 35496K, reserved 1079296K
  class space    used 4865K, capacity 5109K, committed 5120K, reserved 1048576K
}
Event: 8.028 GC heap before
{Heap before GC invocations=11 (full 2):
 PSYoungGen      total 159744K, used 146432K [0x00000000e0000000, 0x00000000ee200000, 0x0000000100000000)
  eden space 146432K, 100% used [0x00000000e0000000,0x00000000e8f00000,0x00000000e8f00000)
  from space 13312K, 0% used [0x00000000e9c00000,0x00000000e9c00000,0x00000000ea900000)
  to   space 13312K, 0% used [0x00000000e8f00000,0x00000000e8f00000,0x00000000e9c00000)
 ParOldGen       total 86528K, used 15792K [0x00000000a0000000, 0x00000000a5480000, 0x00000000e0000000)
  object space 86528K, 18% used [0x00000000a0000000,0x00000000a0f6c3b0,0x00000000a5480000)
 Metaspace       used 48040K, capacity 48982K, committed 49152K, reserved 1091584K
  class space    used 6508K, capacity 6820K, committed 6912K, reserved 1048576K
Event: 8.115 GC heap after
Heap after GC invocations=11 (full 2):
 PSYoungGen      total 159744K, used 13294K [0x00000000e0000000, 0x00000000ee200000, 0x0000000100000000)
  eden space 146432K, 0% used [0x00000000e0000000,0x00000000e0000000,0x00000000e8f00000)
  from space 13312K, 99% used [0x00000000e8f00000,0x00000000e9bfbb00,0x00000000e9c00000)
  to   space 17408K, 0% used [0x00000000ed100000,0x00000000ed100000,0x00000000ee200000)
 ParOldGen       total 86528K, used 20894K [0x00000000a0000000, 0x00000000a5480000, 0x00000000e0000000)
  object space 86528K, 24% used [0x00000000a0000000,0x00000000a1467960,0x00000000a5480000)
 Metaspace       used 48040K, capacity 48982K, committed 49152K, reserved 1091584K
  class space    used 6508K, capacity 6820K, committed 6912K, reserved 1048576K
}
Event: 13.643 GC heap before
{Heap before GC invocations=12 (full 2):
 PSYoungGen      total 159744K, used 159726K [0x00000000e0000000, 0x00000000ee200000, 0x0000000100000000)
  eden space 146432K, 100% used [0x00000000e0000000,0x00000000e8f00000,0x00000000e8f00000)
  from space 13312K, 99% used [0x00000000e8f00000,0x00000000e9bfbb00,0x00000000e9c00000)
  to   space 17408K, 0% used [0x00000000ed100000,0x00000000ed100000,0x00000000ee200000)
 ParOldGen       total 86528K, used 20894K [0x00000000a0000000, 0x00000000a5480000, 0x00000000e0000000)
  object space 86528K, 24% used [0x00000000a0000000,0x00000000a1467960,0x00000000a5480000)
 Metaspace       used 57078K, capacity 58734K, committed 59008K, reserved 1099776K
  class space    used 7853K, capacity 8257K, committed 8320K, reserved 1048576K
Event: 13.748 GC heap after
Heap after GC invocations=12 (full 2):
 PSYoungGen      total 209920K, used 17386K [0x00000000e0000000, 0x00000000ee780000, 0x0000000100000000)
  eden space 192512K, 0% used [0x00000000e0000000,0x00000000e0000000,0x00000000ebc00000)
  from space 17408K, 99% used [0x00000000ed100000,0x00000000ee1fa938,0x00000000ee200000)
  to   space 21504K, 0% used [0x00000000ebc00000,0x00000000ebc00000,0x00000000ed100000)
 ParOldGen       total 86528K, used 25803K [0x00000000a0000000, 0x00000000a5480000, 0x00000000e0000000)
  object space 86528K, 29% used [0x00000000a0000000,0x00000000a1932ef8,0x00000000a5480000)
 Metaspace       used 57078K, capacity 58734K, committed 59008K, reserved 1099776K
  class space    used 7853K, capacity 8257K, committed 8320K, reserved 1048576K
}
Event: 13.859 GC heap before
{Heap before GC invocations=13 (full 2):
 PSYoungGen      total 209920K, used 24577K [0x00000000e0000000, 0x00000000ee780000, 0x0000000100000000)
  eden space 192512K, 3% used [0x00000000e0000000,0x00000000e0705c80,0x00000000ebc00000)
  from space 17408K, 99% used [0x00000000ed100000,0x00000000ee1fa938,0x00000000ee200000)
  to   space 21504K, 0% used [0x00000000ebc00000,0x00000000ebc00000,0x00000000ed100000)
 ParOldGen       total 86528K, used 25803K [0x00000000a0000000, 0x00000000a5480000, 0x00000000e0000000)
  object space 86528K, 29% used [0x00000000a0000000,0x00000000a1932ef8,0x00000000a5480000)
 Metaspace       used 57331K, capacity 58956K, committed 59136K, reserved 1099776K
  class space    used 7896K, capacity 8326K, committed 8448K, reserved 1048576K

